<?xml version="1.0" encoding="UTF-8"?>
<!-- Generated by org.testng.reporters.JUnitXMLReporter -->
<testsuite ignored="0" hostname="DESKTOP-M6E7C1E" failures="0" tests="4" name="tcheck" time="0.313" errors="0" timestamp="2022-07-14T18:55:18 IST">
  <testcase classname="basicweb.NewTest" name="f" time="0.024"/>
  <testcase classname="basicweb.NewTest" name="t" time="0.015"/>
  <testcase classname="basicweb.NewTest" name="C" time="0.013"/>
  <testcase classname="basicweb.NewTest1" name="f" time="0.005"/>
</testsuite> <!-- tcheck -->
